# JRE version: OpenJDK Runtime Environment AdoptOpenJDK (11.0.9.1+1) (build 11.0.9.1+1)
# Java VM: OpenJDK 64-Bit Server VM AdoptOpenJDK (11.0.9.1+1, mixed mode, tiered, compressed oops, g1 gc, windows-amd64)
Heap:
 garbage-first heap   total 129024K, used 80354K [0x0000000083000000, 0x0000000100000000)
  region size 1024K, 64 young (65536K), 1 survivors (1024K)
 Metaspace       used 36798K, capacity 37381K, committed 37584K, reserved 1083392K
  class space    used 3736K, capacity 3974K, committed 4092K, reserved 1048576K
GC Heap History (20 events):
Event: 4792.027 GC heap before
{Heap before GC invocations=19 (full 0):
 garbage-first heap   total 129024K, used 99901K [0x0000000083000000, 0x0000000100000000)
  region size 1024K, 75 young (76800K), 4 survivors (4096K)
 Metaspace       used 36256K, capacity 36918K, committed 37328K, reserved 1083392K
  class space    used 3720K, capacity 3972K, committed 4092K, reserved 1048576K
}
Event: 4792.029 GC heap after
{Heap after GC invocations=20 (full 0):
 garbage-first heap   total 129024K, used 11854K [0x0000000083000000, 0x0000000100000000)
  region size 1024K, 4 young (4096K), 4 survivors (4096K)
 Metaspace       used 36256K, capacity 36918K, committed 37328K, reserved 1083392K
  class space    used 3720K, capacity 3972K, committed 4092K, reserved 1048576K
}
Event: 5131.342 GC heap before
{Heap before GC invocations=20 (full 0):
 garbage-first heap   total 129024K, used 99918K [0x0000000083000000, 0x0000000100000000)
  region size 1024K, 75 young (76800K), 4 survivors (4096K)
 Metaspace       used 36380K, capacity 36982K, committed 37328K, reserved 1083392K
  class space    used 3729K, capacity 3972K, committed 4092K, reserved 1048576K
}
Event: 5131.345 GC heap after
{Heap after GC invocations=21 (full 0):
 garbage-first heap   total 129024K, used 11859K [0x0000000083000000, 0x0000000100000000)
  region size 1024K, 2 young (2048K), 2 survivors (2048K)
 Metaspace       used 36380K, capacity 36982K, committed 37328K, reserved 1083392K
  class space    used 3729K, capacity 3972K, committed 4092K, reserved 1048576K
}
Event: 5727.203 GC heap before
{Heap before GC invocations=21 (full 0):
 garbage-first heap   total 129024K, used 85587K [0x0000000083000000, 0x0000000100000000)
  region size 1024K, 75 young (76800K), 2 survivors (2048K)
 Metaspace       used 36411K, capacity 36982K, committed 37328K, reserved 1083392K
  class space    used 3729K, capacity 3972K, committed 4092K, reserved 1048576K
}
Event: 5727.206 GC heap after
{Heap after GC invocations=22 (full 0):
 garbage-first heap   total 129024K, used 11623K [0x0000000083000000, 0x0000000100000000)
  region size 1024K, 2 young (2048K), 2 survivors (2048K)
 Metaspace       used 36411K, capacity 36982K, committed 37328K, reserved 1083392K
  class space    used 3729K, capacity 3972K, committed 4092K, reserved 1048576K
}
Event: 6090.215 GC heap before
{Heap before GC invocations=22 (full 0):
 garbage-first heap   total 129024K, used 102759K [0x0000000083000000, 0x0000000100000000)
  region size 1024K, 75 young (76800K), 2 survivors (2048K)
 Metaspace       used 36444K, capacity 37046K, committed 37328K, reserved 1083392K
  class space    used 3729K, capacity 3972K, committed 4092K, reserved 1048576K
}
Event: 6090.217 GC heap after
{Heap after GC invocations=23 (full 0):
 garbage-first heap   total 129024K, used 11733K [0x0000000083000000, 0x0000000100000000)
  region size 1024K, 1 young (1024K), 1 survivors (1024K)
 Metaspace       used 36444K, capacity 37046K, committed 37328K, reserved 1083392K
  class space    used 3729K, capacity 3972K, committed 4092K, reserved 1048576K
}
Event: 6545.818 GC heap before
{Heap before GC invocations=23 (full 0):
 garbage-first heap   total 129024K, used 102869K [0x0000000083000000, 0x0000000100000000)
  region size 1024K, 75 young (76800K), 1 survivors (1024K)
 Metaspace       used 36450K, capacity 37046K, committed 37328K, reserved 1083392K
  class space    used 3729K, capacity 3972K, committed 4092K, reserved 1048576K
}
Event: 6545.820 GC heap after
{Heap after GC invocations=24 (full 0):
 garbage-first heap   total 129024K, used 11704K [0x0000000083000000, 0x0000000100000000)
  region size 1024K, 1 young (1024K), 1 survivors (1024K)
 Metaspace       used 36450K, capacity 37046K, committed 37328K, reserved 1083392K
  class space    used 3729K, capacity 3972K, committed 4092K, reserved 1048576K
}
Event: 7027.178 GC heap before
{Heap before GC invocations=24 (full 0):
 garbage-first heap   total 129024K, used 91576K [0x0000000083000000, 0x0000000100000000)
  region size 1024K, 75 young (76800K), 1 survivors (1024K)
 Metaspace       used 36486K, capacity 37046K, committed 37328K, reserved 1083392K
  class space    used 3729K, capacity 3972K, committed 4092K, reserved 1048576K
}
Event: 7027.182 GC heap after
{Heap after GC invocations=25 (full 0):
 garbage-first heap   total 129024K, used 11674K [0x0000000083000000, 0x0000000100000000)
  region size 1024K, 1 young (1024K), 1 survivors (1024K)
 Metaspace       used 36486K, capacity 37046K, committed 37328K, reserved 1083392K
  class space    used 3729K, capacity 3972K, committed 4092K, reserved 1048576K
}
Event: 7480.399 GC heap before
{Heap before GC invocations=25 (full 0):
 garbage-first heap   total 129024K, used 92570K [0x0000000083000000, 0x0000000100000000)
  region size 1024K, 75 young (76800K), 1 survivors (1024K)
 Metaspace       used 36494K, capacity 37046K, committed 37328K, reserved 1083392K
  class space    used 3729K, capacity 3972K, committed 4092K, reserved 1048576K
}
Event: 7480.401 GC heap after
{Heap after GC invocations=26 (full 0):
 garbage-first heap   total 129024K, used 11639K [0x0000000083000000, 0x0000000100000000)
  region size 1024K, 1 young (1024K), 1 survivors (1024K)
 Metaspace       used 36494K, capacity 37046K, committed 37328K, reserved 1083392K
  class space    used 3729K, capacity 3972K, committed 4092K, reserved 1048576K
}
Event: 7863.945 GC heap before
{Heap before GC invocations=26 (full 0):
 garbage-first heap   total 129024K, used 98679K [0x0000000083000000, 0x0000000100000000)
  region size 1024K, 75 young (76800K), 1 survivors (1024K)
 Metaspace       used 36555K, capacity 37183K, committed 37584K, reserved 1083392K
  class space    used 3729K, capacity 3972K, committed 4092K, reserved 1048576K
}
Event: 7863.948 GC heap after
{Heap after GC invocations=27 (full 0):
 garbage-first heap   total 129024K, used 11779K [0x0000000083000000, 0x0000000100000000)
  region size 1024K, 1 young (1024K), 1 survivors (1024K)
 Metaspace       used 36555K, capacity 37183K, committed 37584K, reserved 1083392K
  class space    used 3729K, capacity 3972K, committed 4092K, reserved 1048576K
}
Event: 8314.543 GC heap before
{Heap before GC invocations=27 (full 0):
 garbage-first heap   total 129024K, used 102915K [0x0000000083000000, 0x0000000100000000)
  region size 1024K, 75 young (76800K), 1 survivors (1024K)
 Metaspace       used 36578K, capacity 37183K, committed 37584K, reserved 1083392K
  class space    used 3729K, capacity 3972K, committed 4092K, reserved 1048576K
}
Event: 8314.544 GC heap after
{Heap after GC invocations=28 (full 0):
 garbage-first heap   total 129024K, used 11661K [0x0000000083000000, 0x0000000100000000)
  region size 1024K, 1 young (1024K), 1 survivors (1024K)
 Metaspace       used 36578K, capacity 37183K, committed 37584K, reserved 1083392K
  class space    used 3729K, capacity 3972K, committed 4092K, reserved 1048576K
}
Event: 11709.518 GC heap before
{Heap before GC invocations=28 (full 0):
 garbage-first heap   total 129024K, used 115085K [0x0000000083000000, 0x0000000100000000)
  region size 1024K, 75 young (76800K), 1 survivors (1024K)
 Metaspace       used 36657K, capacity 37248K, committed 37584K, reserved 1083392K
  class space    used 3729K, capacity 3972K, committed 4092K, reserved 1048576K
}
Event: 11709.523 GC heap after
{Heap after GC invocations=29 (full 0):
 garbage-first heap   total 129024K, used 11746K [0x0000000083000000, 0x0000000100000000)
  region size 1024K, 1 young (1024K), 1 survivors (1024K)
 Metaspace       used 36657K, capacity 37248K, committed 37584K, reserved 1083392K
  class space    used 3729K, capacity 3972K, committed 4092K, reserved 1048576K
}

