# JRE version: OpenJDK Runtime Environment AdoptOpenJDK (11.0.9.1+1) (build 11.0.9.1+1)
# Java VM: OpenJDK 64-Bit Server VM AdoptOpenJDK (11.0.9.1+1, mixed mode, tiered, compressed oops, g1 gc, windows-amd64)
Heap:
 garbage-first heap   total 129024K, used 25237K [0x0000000083000000, 0x0000000100000000)
  region size 1024K, 20 young (20480K), 6 survivors (6144K)
 Metaspace       used 35544K, capacity 36182K, committed 36608K, reserved 1081344K
  class space    used 3727K, capacity 3966K, committed 4096K, reserved 1048576K
GC Heap History (18 events):
Event: 0.735 GC heap before
{Heap before GC invocations=0 (full 0):
 garbage-first heap   total 129024K, used 23552K [0x0000000083000000, 0x0000000100000000)
  region size 1024K, 24 young (24576K), 0 survivors (0K)
 Metaspace       used 16002K, capacity 16289K, committed 16384K, reserved 1064960K
  class space    used 1634K, capacity 1730K, committed 1792K, reserved 1048576K
}
Event: 0.739 GC heap after
{Heap after GC invocations=1 (full 0):
 garbage-first heap   total 129024K, used 5384K [0x0000000083000000, 0x0000000100000000)
  region size 1024K, 3 young (3072K), 3 survivors (3072K)
 Metaspace       used 16002K, capacity 16289K, committed 16384K, reserved 1064960K
  class space    used 1634K, capacity 1730K, committed 1792K, reserved 1048576K
}
Event: 1.022 GC heap before
{Heap before GC invocations=1 (full 0):
 garbage-first heap   total 129024K, used 15624K [0x0000000083000000, 0x0000000100000000)
  region size 1024K, 14 young (14336K), 3 survivors (3072K)
 Metaspace       used 20889K, capacity 21192K, committed 21248K, reserved 1069056K
  class space    used 2178K, capacity 2276K, committed 2304K, reserved 1048576K
}
Event: 1.026 GC heap after
{Heap after GC invocations=2 (full 0):
 garbage-first heap   total 129024K, used 6484K [0x0000000083000000, 0x0000000100000000)
  region size 1024K, 2 young (2048K), 2 survivors (2048K)
 Metaspace       used 20889K, capacity 21192K, committed 21248K, reserved 1069056K
  class space    used 2178K, capacity 2276K, committed 2304K, reserved 1048576K
}
Event: 197.622 GC heap before
{Heap before GC invocations=3 (full 0):
 garbage-first heap   total 129024K, used 46420K [0x0000000083000000, 0x0000000100000000)
  region size 1024K, 41 young (41984K), 2 survivors (2048K)
 Metaspace       used 29931K, capacity 30341K, committed 30592K, reserved 1077248K
  class space    used 3239K, capacity 3417K, committed 3456K, reserved 1048576K
}
Event: 197.625 GC heap after
{Heap after GC invocations=4 (full 0):
 garbage-first heap   total 129024K, used 8278K [0x0000000083000000, 0x0000000100000000)
  region size 1024K, 3 young (3072K), 3 survivors (3072K)
 Metaspace       used 29931K, capacity 30341K, committed 30592K, reserved 1077248K
  class space    used 3239K, capacity 3417K, committed 3456K, reserved 1048576K
}
Event: 1298.367 GC heap before
{Heap before GC invocations=4 (full 0):
 garbage-first heap   total 129024K, used 88150K [0x0000000083000000, 0x0000000100000000)
  region size 1024K, 75 young (76800K), 3 survivors (3072K)
 Metaspace       used 34205K, capacity 34778K, committed 34944K, reserved 1081344K
  class space    used 3709K, capacity 3956K, committed 3968K, reserved 1048576K
}
Event: 1298.371 GC heap after
{Heap after GC invocations=5 (full 0):
 garbage-first heap   total 129024K, used 10920K [0x0000000083000000, 0x0000000100000000)
  region size 1024K, 6 young (6144K), 6 survivors (6144K)
 Metaspace       used 34205K, capacity 34778K, committed 34944K, reserved 1081344K
  class space    used 3709K, capacity 3956K, committed 3968K, reserved 1048576K
}
Event: 1694.108 GC heap before
{Heap before GC invocations=5 (full 0):
 garbage-first heap   total 129024K, used 89768K [0x0000000083000000, 0x0000000100000000)
  region size 1024K, 75 young (76800K), 6 survivors (6144K)
 Metaspace       used 34333K, capacity 34918K, committed 34944K, reserved 1081344K
  class space    used 3710K, capacity 3958K, committed 3968K, reserved 1048576K
}
Event: 1694.114 GC heap after
{Heap after GC invocations=6 (full 0):
 garbage-first heap   total 129024K, used 10873K [0x0000000083000000, 0x0000000100000000)
  region size 1024K, 5 young (5120K), 5 survivors (5120K)
 Metaspace       used 34333K, capacity 34918K, committed 34944K, reserved 1081344K
  class space    used 3710K, capacity 3958K, committed 3968K, reserved 1048576K
}
Event: 9139.098 GC heap before
{Heap before GC invocations=6 (full 0):
 garbage-first heap   total 129024K, used 90745K [0x0000000083000000, 0x0000000100000000)
  region size 1024K, 75 young (76800K), 5 survivors (5120K)
 Metaspace       used 35014K, capacity 35611K, committed 35840K, reserved 1081344K
  class space    used 3732K, capacity 3996K, committed 4096K, reserved 1048576K
}
Event: 9139.107 GC heap after
{Heap after GC invocations=7 (full 0):
 garbage-first heap   total 129024K, used 11226K [0x0000000083000000, 0x0000000100000000)
  region size 1024K, 5 young (5120K), 5 survivors (5120K)
 Metaspace       used 35014K, capacity 35611K, committed 35840K, reserved 1081344K
  class space    used 3732K, capacity 3996K, committed 4096K, reserved 1048576K
}
Event: 12140.426 GC heap before
{Heap before GC invocations=7 (full 0):
 garbage-first heap   total 129024K, used 50138K [0x0000000083000000, 0x0000000100000000)
  region size 1024K, 45 young (46080K), 5 survivors (5120K)
 Metaspace       used 35118K, capacity 35684K, committed 35840K, reserved 1081344K
  class space    used 3734K, capacity 3998K, committed 4096K, reserved 1048576K
}
Event: 12140.442 GC heap after
{Heap after GC invocations=8 (full 0):
 garbage-first heap   total 129024K, used 10939K [0x0000000083000000, 0x0000000100000000)
  region size 1024K, 5 young (5120K), 5 survivors (5120K)
 Metaspace       used 35118K, capacity 35684K, committed 35840K, reserved 1081344K
  class space    used 3734K, capacity 3998K, committed 4096K, reserved 1048576K
}
Event: 13509.467 GC heap before
{Heap before GC invocations=9 (full 0):
 garbage-first heap   total 129024K, used 92859K [0x0000000083000000, 0x0000000100000000)
  region size 1024K, 75 young (76800K), 5 survivors (5120K)
 Metaspace       used 35266K, capacity 35889K, committed 36352K, reserved 1081344K
  class space    used 3718K, capacity 3958K, committed 4096K, reserved 1048576K
}
Event: 13509.475 GC heap after
{Heap after GC invocations=10 (full 0):
 garbage-first heap   total 129024K, used 11567K [0x0000000083000000, 0x0000000100000000)
  region size 1024K, 6 young (6144K), 6 survivors (6144K)
 Metaspace       used 35266K, capacity 35889K, committed 36352K, reserved 1081344K
  class space    used 3718K, capacity 3958K, committed 4096K, reserved 1048576K
}
Event: 13771.885 GC heap before
{Heap before GC invocations=10 (full 0):
 garbage-first heap   total 129024K, used 87343K [0x0000000083000000, 0x0000000100000000)
  region size 1024K, 75 young (76800K), 6 survivors (6144K)
 Metaspace       used 35481K, capacity 36114K, committed 36352K, reserved 1081344K
  class space    used 3722K, capacity 3965K, committed 4096K, reserved 1048576K
}
Event: 13771.890 GC heap after
{Heap after GC invocations=11 (full 0):
 garbage-first heap   total 129024K, used 11925K [0x0000000083000000, 0x0000000100000000)
  region size 1024K, 6 young (6144K), 6 survivors (6144K)
 Metaspace       used 35481K, capacity 36114K, committed 36352K, reserved 1081344K
  class space    used 3722K, capacity 3965K, committed 4096K, reserved 1048576K
}

