# JRE version: OpenJDK Runtime Environment AdoptOpenJDK (11.0.9.1+1) (build 11.0.9.1+1)
# Java VM: OpenJDK 64-Bit Server VM AdoptOpenJDK (11.0.9.1+1, mixed mode, tiered, compressed oops, g1 gc, windows-amd64)
Heap:
 garbage-first heap   total 129024K, used 74798K [0x0000000083000000, 0x0000000100000000)
  region size 1024K, 60 young (61440K), 6 survivors (6144K)
 Metaspace       used 35241K, capacity 35833K, committed 35964K, reserved 1081344K
  class space    used 3701K, capacity 3958K, committed 3968K, reserved 1048576K
GC Heap History (20 events):
Event: 3318.837 GC heap before
{Heap before GC invocations=4 (full 0):
 garbage-first heap   total 129024K, used 86137K [0x0000000083000000, 0x0000000100000000)
  region size 1024K, 74 young (75776K), 3 survivors (3072K)
 Metaspace       used 33883K, capacity 34400K, committed 34684K, reserved 1079296K
  class space    used 3653K, capacity 3871K, committed 3968K, reserved 1048576K
}
Event: 3318.849 GC heap after
{Heap after GC invocations=5 (full 0):
 garbage-first heap   total 129024K, used 10668K [0x0000000083000000, 0x0000000100000000)
  region size 1024K, 6 young (6144K), 6 survivors (6144K)
 Metaspace       used 33883K, capacity 34400K, committed 34684K, reserved 1079296K
  class space    used 3653K, capacity 3871K, committed 3968K, reserved 1048576K
}
Event: 6535.777 GC heap before
{Heap before GC invocations=5 (full 0):
 garbage-first heap   total 129024K, used 86444K [0x0000000083000000, 0x0000000100000000)
  region size 1024K, 75 young (76800K), 6 survivors (6144K)
 Metaspace       used 34406K, capacity 34963K, committed 35196K, reserved 1081344K
  class space    used 3673K, capacity 3907K, committed 3968K, reserved 1048576K
}
Event: 6535.788 GC heap after
{Heap after GC invocations=6 (full 0):
 garbage-first heap   total 129024K, used 11003K [0x0000000083000000, 0x0000000100000000)
  region size 1024K, 6 young (6144K), 6 survivors (6144K)
 Metaspace       used 34406K, capacity 34963K, committed 35196K, reserved 1081344K
  class space    used 3673K, capacity 3907K, committed 3968K, reserved 1048576K
}
Event: 6990.874 GC heap before
{Heap before GC invocations=6 (full 0):
 garbage-first heap   total 129024K, used 82683K [0x0000000083000000, 0x0000000100000000)
  region size 1024K, 75 young (76800K), 6 survivors (6144K)
 Metaspace       used 34565K, capacity 35091K, committed 35196K, reserved 1081344K
  class space    used 3673K, capacity 3907K, committed 3968K, reserved 1048576K
}
Event: 6990.882 GC heap after
{Heap after GC invocations=7 (full 0):
 garbage-first heap   total 129024K, used 10815K [0x0000000083000000, 0x0000000100000000)
  region size 1024K, 5 young (5120K), 5 survivors (5120K)
 Metaspace       used 34565K, capacity 35091K, committed 35196K, reserved 1081344K
  class space    used 3673K, capacity 3907K, committed 3968K, reserved 1048576K
}
Event: 7400.544 GC heap before
{Heap before GC invocations=7 (full 0):
 garbage-first heap   total 129024K, used 92735K [0x0000000083000000, 0x0000000100000000)
  region size 1024K, 75 young (76800K), 5 survivors (5120K)
 Metaspace       used 34692K, capacity 35198K, committed 35452K, reserved 1081344K
  class space    used 3683K, capacity 3918K, committed 3968K, reserved 1048576K
}
Event: 7400.547 GC heap after
{Heap after GC invocations=8 (full 0):
 garbage-first heap   total 129024K, used 11151K [0x0000000083000000, 0x0000000100000000)
  region size 1024K, 5 young (5120K), 5 survivors (5120K)
 Metaspace       used 34692K, capacity 35198K, committed 35452K, reserved 1081344K
  class space    used 3683K, capacity 3918K, committed 3968K, reserved 1048576K
}
Event: 7832.162 GC heap before
{Heap before GC invocations=8 (full 0):
 garbage-first heap   total 129024K, used 93071K [0x0000000083000000, 0x0000000100000000)
  region size 1024K, 75 young (76800K), 5 survivors (5120K)
 Metaspace       used 34717K, capacity 35263K, committed 35452K, reserved 1081344K
  class space    used 3683K, capacity 3918K, committed 3968K, reserved 1048576K
}
Event: 7832.167 GC heap after
{Heap after GC invocations=9 (full 0):
 garbage-first heap   total 129024K, used 11136K [0x0000000083000000, 0x0000000100000000)
  region size 1024K, 5 young (5120K), 5 survivors (5120K)
 Metaspace       used 34717K, capacity 35263K, committed 35452K, reserved 1081344K
  class space    used 3683K, capacity 3918K, committed 3968K, reserved 1048576K
}
Event: 8309.366 GC heap before
{Heap before GC invocations=9 (full 0):
 garbage-first heap   total 129024K, used 82816K [0x0000000083000000, 0x0000000100000000)
  region size 1024K, 75 young (76800K), 5 survivors (5120K)
 Metaspace       used 34792K, capacity 35391K, committed 35452K, reserved 1081344K
  class space    used 3683K, capacity 3918K, committed 3968K, reserved 1048576K
}
Event: 8309.369 GC heap after
{Heap after GC invocations=10 (full 0):
 garbage-first heap   total 129024K, used 11064K [0x0000000083000000, 0x0000000100000000)
  region size 1024K, 5 young (5120K), 5 survivors (5120K)
 Metaspace       used 34792K, capacity 35391K, committed 35452K, reserved 1081344K
  class space    used 3683K, capacity 3918K, committed 3968K, reserved 1048576K
}
Event: 9860.091 GC heap before
{Heap before GC invocations=10 (full 0):
 garbage-first heap   total 129024K, used 94008K [0x0000000083000000, 0x0000000100000000)
  region size 1024K, 75 young (76800K), 5 survivors (5120K)
 Metaspace       used 34905K, capacity 35467K, committed 35708K, reserved 1081344K
  class space    used 3690K, capacity 3922K, committed 3968K, reserved 1048576K
}
Event: 9860.100 GC heap after
{Heap after GC invocations=11 (full 0):
 garbage-first heap   total 129024K, used 11268K [0x0000000083000000, 0x0000000100000000)
  region size 1024K, 5 young (5120K), 5 survivors (5120K)
 Metaspace       used 34905K, capacity 35467K, committed 35708K, reserved 1081344K
  class space    used 3690K, capacity 3922K, committed 3968K, reserved 1048576K
}
Event: 10871.785 GC heap before
{Heap before GC invocations=11 (full 0):
 garbage-first heap   total 129024K, used 93188K [0x0000000083000000, 0x0000000100000000)
  region size 1024K, 75 young (76800K), 5 survivors (5120K)
 Metaspace       used 34972K, capacity 35595K, committed 35708K, reserved 1081344K
  class space    used 3692K, capacity 3922K, committed 3968K, reserved 1048576K
}
Event: 10871.789 GC heap after
{Heap after GC invocations=12 (full 0):
 garbage-first heap   total 129024K, used 10904K [0x0000000083000000, 0x0000000100000000)
  region size 1024K, 5 young (5120K), 5 survivors (5120K)
 Metaspace       used 34972K, capacity 35595K, committed 35708K, reserved 1081344K
  class space    used 3692K, capacity 3922K, committed 3968K, reserved 1048576K
}
Event: 11309.454 GC heap before
{Heap before GC invocations=12 (full 0):
 garbage-first heap   total 129024K, used 83608K [0x0000000083000000, 0x0000000100000000)
  region size 1024K, 75 young (76800K), 5 survivors (5120K)
 Metaspace       used 35015K, capacity 35659K, committed 35708K, reserved 1081344K
  class space    used 3692K, capacity 3922K, committed 3968K, reserved 1048576K
}
Event: 11309.458 GC heap after
{Heap after GC invocations=13 (full 0):
 garbage-first heap   total 129024K, used 11096K [0x0000000083000000, 0x0000000100000000)
  region size 1024K, 5 young (5120K), 5 survivors (5120K)
 Metaspace       used 35015K, capacity 35659K, committed 35708K, reserved 1081344K
  class space    used 3692K, capacity 3922K, committed 3968K, reserved 1048576K
}
Event: 11686.204 GC heap before
{Heap before GC invocations=13 (full 0):
 garbage-first heap   total 129024K, used 88920K [0x0000000083000000, 0x0000000100000000)
  region size 1024K, 75 young (76800K), 5 survivors (5120K)
 Metaspace       used 35084K, capacity 35659K, committed 35708K, reserved 1081344K
  class space    used 3692K, capacity 3922K, committed 3968K, reserved 1048576K
}
Event: 11686.208 GC heap after
{Heap after GC invocations=14 (full 0):
 garbage-first heap   total 129024K, used 12334K [0x0000000083000000, 0x0000000100000000)
  region size 1024K, 6 young (6144K), 6 survivors (6144K)
 Metaspace       used 35084K, capacity 35659K, committed 35708K, reserved 1081344K
  class space    used 3692K, capacity 3922K, committed 3968K, reserved 1048576K
}

